<?xml version="1.0" encoding="UTF-8" ?>
<testsuite tests="8" failures="0" name="ls.mycompany.controles.IBANTest" time="0.003" errors="0" skipped="0">
  <properties>
[...]
</properties>
  <testcase classname="ls.mycompany.controles.IBANTest" name="testFiltreChar" time="0"/>
  <testcase classname="ls.mycompany.controles.IBANTest" name="testCheck" time="0"/>
  <testcase classname="ls.mycompany.controles.IBANTest" name="testCalculModulo_String" time="0.001"/>
  <testcase classname="ls.mycompany.controles.IBANTest" name="testConvertirLettreEnChiffre" time="0"/>
  <testcase classname="ls.mycompany.controles.IBANTest" name="testFiltreChar2" time="0"/>
  <testcase classname="ls.mycompany.controles.IBANTest" name="testCheck2" time="0.001"/>
  <testcase classname="ls.mycompany.controles.IBANTest" name="testFormat" time="0"/>
  <testcase classname="ls.mycompany.controles.IBANTest" name="testToBban" time="0"/>
</testsuite>